calculator/build/intermediates/manifest_merge_blame_file/debug/manifest-merger-blame-debug-report.txt
1<?xml version="1.0" encoding="utf-8"?>
2<manifest xmlns:android="http://schemas.android.com/apk/res/android"
3    xmlns:tools="http://schemas.android.com/tools"
4    package="com.example.calculator" >
5
6    <uses-sdk android:minSdkVersion="28" />
7
8    <application>
8-->src/main/AndroidManifest.xml:5:5-10:19
9        <activity
9-->src/main/AndroidManifest.xml:6:9-9:20
10            android:name="com.example.calculator.CalculatorActivity"
10-->src/main/AndroidManifest.xml:7:13-47
11            android:exported="true" >
11-->src/main/AndroidManifest.xml:8:13-36
12        </activity>
13    </application>
14
15</manifest>